<?xml version="1.0" encoding="UTF-8"?>
<!-- Generated by org.testng.reporters.JUnitReportReporter -->
<testsuite hostname="DSB-PC" name="demo.Screenshot" tests="1" failures="0" timestamp="13 Jan 2017 02:58:52 GMT" time="41.071" errors="0">
  <testcase name="testApp" time="41.071" classname="demo.Screenshot"/>
</testsuite> <!-- demo.Screenshot -->
