<?xml version="1.0" encoding="UTF-8"?>
<!-- Generated by org.testng.reporters.JUnitReportReporter -->
<testsuite hostname="DSB-PC" name="demo.Annotations" tests="2" failures="0" timestamp="10 Jan 2017 02:51:35 GMT" time="0.036" errors="0">
  <testcase name="test2" time="0.017" classname="demo.Annotations"/>
  <testcase name="test" time="0.019" classname="demo.Annotations"/>
</testsuite> <!-- demo.Annotations -->
