<?xml version="1.0" encoding="UTF-8"?>
<!-- Generated by org.testng.reporters.JUnitReportReporter -->
<testsuite hostname="DSB-PC" name="demo.MultipleTestAnnotations" tests="6" failures="0" timestamp="11 Jan 2017 02:21:24 GMT" time="93.597" errors="0">
  <testcase name="verifyTitle" time="15.341" classname="demo.MultipleTestAnnotations"/>
  <testcase name="verifyTitle" time="15.610" classname="demo.MultipleTestAnnotations"/>
  <testcase name="verifyText2" time="15.795" classname="demo.MultipleTestAnnotations"/>
  <testcase name="verifyTitle" time="17.368" classname="demo.MultipleTestAnnotations"/>
  <testcase name="verifyTitle" time="15.078" classname="demo.MultipleTestAnnotations"/>
  <testcase name="verifyTitle" time="14.405" classname="demo.MultipleTestAnnotations"/>
</testsuite> <!-- demo.MultipleTestAnnotations -->
