<?xml version="1.0" encoding="UTF-8"?>
<!-- Generated by org.testng.reporters.JUnitReportReporter -->
<testsuite hostname="DSB-PC" name="demo.VerifyTitle" tests="1" failures="0" timestamp="10 Jan 2017 02:06:40 GMT" time="0.241" errors="0">
  <testcase name="testTitle" time="0.241" classname="demo.VerifyTitle"/>
</testsuite> <!-- demo.VerifyTitle -->
