<?xml version="1.0" encoding="UTF-8"?>
<!-- Generated by org.testng.reporters.JUnitReportReporter -->
<testsuite hostname="DSB-PC" name="crossBrowserTesting.CBT" tests="3" failures="0" timestamp="25 Jan 2017 02:39:10 GMT" time="0.253" errors="0">
  <testcase name="testTitle" time="0.210" classname="crossBrowserTesting.CBT"/>
  <testcase name="testTitle" time="0.015" classname="crossBrowserTesting.CBT"/>
  <testcase name="testTitle" time="0.028" classname="crossBrowserTesting.CBT"/>
</testsuite> <!-- crossBrowserTesting.CBT -->
