<?xml version="1.0" encoding="UTF-8"?>
<!-- Generated by org.testng.reporters.JUnitReportReporter -->
<testsuite hostname="DSB-PC" name="demo.Internationalization" tests="1" failures="0" timestamp="12 Jan 2017 02:51:50 GMT" time="3.251" errors="0">
  <testcase name="testApp" time="3.251" classname="demo.Internationalization"/>
</testsuite> <!-- demo.Internationalization -->
